<?xml version="1.0" encoding="utf-8"?><testsuites name="pytest tests"><testsuite name="pytest" errors="0" failures="0" skipped="0" tests="11" time="1.637" timestamp="2026-04-19T23:13:50.255773+00:00" hostname="agent-env-03228166-50ec-4767-b514-25b31e23cf3e"><testcase classname="backend.tests.test_team_sharing.TestHealthCheck" name="test_api_health" time="0.166" /><testcase classname="backend.tests.test_team_sharing.TestShareEndpoint" name="test_share_link_returns_data" time="0.170" /><testcase classname="backend.tests.test_team_sharing.TestShareEndpoint" name="test_share_returns_only_shared_athletes" time="0.108" /><testcase classname="backend.tests.test_team_sharing.TestShareEndpoint" name="test_share_returns_times_for_shared_athletes" time="0.124" /><testcase classname="backend.tests.test_team_sharing.TestShareEndpoint" name="test_share_returns_events" time="0.114" /><testcase classname="backend.tests.test_team_sharing.TestShareEndpoint" name="test_share_returns_standards" time="0.111" /><testcase classname="backend.tests.test_team_sharing.TestShareEndpoint" name="test_invalid_share_code_returns_404" time="0.124" /><testcase classname="backend.tests.test_team_sharing.TestShareCreation" name="test_create_share_stores_athlete_ids" time="0.252" /><testcase classname="backend.tests.test_team_sharing.TestDataIntegrity" name="test_times_collection_used" time="0.129" /><testcase classname="backend.tests.test_team_sharing.TestDataIntegrity" name="test_standards_collection_used" time="0.118" /><testcase classname="backend.tests.test_team_sharing.TestShareLinkAnonymousAccess" name="test_share_link_no_auth_required" time="0.103" /></testsuite></testsuites>