<?xml version="1.0" encoding="utf-8"?><testsuites name="pytest tests"><testsuite name="pytest" errors="0" failures="1" skipped="0" tests="67" time="1.651" timestamp="2026-08-22T22:08:12.025856+00:00" hostname="agent-env-03228166-50ec-4767-b514-25b31e23cf3e"><testcase classname="tests.test_events_dedupe.TestNormalizationHelpers" name="test_canonical_stroke_short[Freestyle-Free]" time="0.001" /><testcase classname="tests.test_events_dedupe.TestNormalizationHelpers" name="test_canonical_stroke_short[free-Free]" time="0.000" /><testcase classname="tests.test_events_dedupe.TestNormalizationHelpers" name="test_canonical_stroke_short[FR-Free]" time="0.000" /><testcase classname="tests.test_events_dedupe.TestNormalizationHelpers" name="test_canonical_stroke_short[Backstroke-Back]" time="0.000" /><testcase classname="tests.test_events_dedupe.TestNormalizationHelpers" name="test_canonical_stroke_short[BK-Back]" time="0.000" /><testcase classname="tests.test_events_dedupe.TestNormalizationHelpers" name="test_canonical_stroke_short[Breaststroke-Breast]" time="0.000" /><testcase classname="tests.test_events_dedupe.TestNormalizationHelpers" name="test_canonical_stroke_short[BR-Breast]" time="0.000" /><testcase classname="tests.test_events_dedupe.TestNormalizationHelpers" name="test_canonical_stroke_short[Butterfly-Fly]" time="0.000" /><testcase classname="tests.test_events_dedupe.TestNormalizationHelpers" name="test_canonical_stroke_short[FL-Fly]" time="0.000" /><testcase classname="tests.test_events_dedupe.TestNormalizationHelpers" name="test_canonical_stroke_short[fly-Fly]" time="0.000" /><testcase classname="tests.test_events_dedupe.TestNormalizationHelpers" name="test_canonical_stroke_short[Individual Medley-IM]" time="0.000" /><testcase classname="tests.test_events_dedupe.TestNormalizationHelpers" name="test_canonical_stroke_short[200 IM-IM]" time="0.000" /><testcase classname="tests.test_events_dedupe.TestNormalizationHelpers" name="test_canonical_stroke_short[medley-IM]" time="0.000" /><testcase classname="tests.test_events_dedupe.TestNormalizationHelpers" name="test_normalize_stroke_name[Fly-Butterfly]" time="0.000" /><testcase classname="tests.test_events_dedupe.TestNormalizationHelpers" name="test_normalize_stroke_name[Butterfly-Butterfly]" time="0.000" /><testcase classname="tests.test_events_dedupe.TestNormalizationHelpers" name="test_normalize_stroke_name[Back-Backstroke]" time="0.000" /><testcase classname="tests.test_events_dedupe.TestNormalizationHelpers" name="test_normalize_stroke_name[Breast-Breaststroke]" time="0.000" /><testcase classname="tests.test_events_dedupe.TestNormalizationHelpers" name="test_normalize_stroke_name[Free-Freestyle]" time="0.000" /><testcase classname="tests.test_events_dedupe.TestNormalizationHelpers" name="test_normalize_stroke_name[IM-Individual Medley]" time="0.000" /><testcase classname="tests.test_events_dedupe.TestNormalizationHelpers" name="test_normalize_stroke_name[-Freestyle]" time="0.000" /><testcase classname="tests.test_events_dedupe.TestNormalizationHelpers" name="test_normalize_stroke_name[None-Freestyle]" time="0.000" /><testcase classname="tests.test_events_dedupe.TestNormalizationHelpers" name="test_normalize_course_str[SCY-SCY]" time="0.000" /><testcase classname="tests.test_events_dedupe.TestNormalizationHelpers" name="test_normalize_course_str[scy-SCY]" time="0.000" /><testcase classname="tests.test_events_dedupe.TestNormalizationHelpers" name="test_normalize_course_str[Yards-SCY]" time="0.000" /><testcase classname="tests.test_events_dedupe.TestNormalizationHelpers" name="test_normalize_course_str[Short Course Yards-SCY]" time="0.000" /><testcase classname="tests.test_events_dedupe.TestNormalizationHelpers" name="test_normalize_course_str[SCM-SCM]" time="0.000" /><testcase classname="tests.test_events_dedupe.TestNormalizationHelpers" name="test_normalize_course_str[Short Course Meters-SCM]" time="0.000" /><testcase classname="tests.test_events_dedupe.TestNormalizationHelpers" name="test_normalize_course_str[25m-SCM]" time="0.000" /><testcase classname="tests.test_events_dedupe.TestNormalizationHelpers" name="test_normalize_course_str[LCM-LCM]" time="0.000" /><testcase classname="tests.test_events_dedupe.TestNormalizationHelpers" name="test_normalize_course_str[Long Course-LCM]" time="0.000" /><testcase classname="tests.test_events_dedupe.TestNormalizationHelpers" name="test_normalize_course_str[50m-LCM]" time="0.000" /><testcase classname="tests.test_events_dedupe.TestNormalizationHelpers" name="test_normalize_course_str[Meters-LCM]" time="0.000" /><testcase classname="tests.test_events_dedupe.TestNormalizationHelpers" name="test_normalize_course_str[-SCY]" time="0.000" /><testcase classname="tests.test_events_dedupe.TestNormalizationHelpers" name="test_normalize_course_str[None-SCY]" time="0.000" /><testcase classname="tests.test_events_dedupe.TestNormalizationHelpers" name="test_normalize_age_group[10U-10U]" time="0.000" /><testcase classname="tests.test_events_dedupe.TestNormalizationHelpers" name="test_normalize_age_group[10 &amp; Under-10U]" time="0.000" /><testcase classname="tests.test_events_dedupe.TestNormalizationHelpers" name="test_normalize_age_group[8&amp;U-10U]" time="0.000" /><testcase classname="tests.test_events_dedupe.TestNormalizationHelpers" name="test_normalize_age_group[10&amp;U-10U]" time="0.000" /><testcase classname="tests.test_events_dedupe.TestNormalizationHelpers" name="test_normalize_age_group[11-12-11-12]" time="0.000" /><testcase classname="tests.test_events_dedupe.TestNormalizationHelpers" name="test_normalize_age_group[11 &amp; 12-11-12]" time="0.000" /><testcase classname="tests.test_events_dedupe.TestNormalizationHelpers" name="test_normalize_age_group[12&amp;U-11-12]" time="0.000" /><testcase classname="tests.test_events_dedupe.TestNormalizationHelpers" name="test_normalize_age_group[13-14-13-14]" time="0.000" /><testcase classname="tests.test_events_dedupe.TestNormalizationHelpers" name="test_normalize_age_group[13 &amp; 14-13-14]" time="0.000" /><testcase classname="tests.test_events_dedupe.TestNormalizationHelpers" name="test_normalize_age_group[13U-13-14]" time="0.000" /><testcase classname="tests.test_events_dedupe.TestNormalizationHelpers" name="test_normalize_age_group[15-16-15-16]" time="0.000" /><testcase classname="tests.test_events_dedupe.TestNormalizationHelpers" name="test_normalize_age_group[15 &amp; 16-15-16]" time="0.000" /><testcase classname="tests.test_events_dedupe.TestNormalizationHelpers" name="test_normalize_age_group[17-18-17-18]" time="0.000" /><testcase classname="tests.test_events_dedupe.TestNormalizationHelpers" name="test_normalize_age_group[Senior-17-18]" time="0.000" /><testcase classname="tests.test_events_dedupe.TestNormalizationHelpers" name="test_normalize_age_group[Open-17-18]" time="0.000" /><testcase classname="tests.test_events_dedupe.TestNormalizationHelpers" name="test_normalize_event_name[Boys 50 Yard Butterfly SCY-50-SCY-50 Fly]" time="0.001" /><testcase classname="tests.test_events_dedupe.TestNormalizationHelpers" name="test_normalize_event_name[Girls 100 Meter Backstroke-100-LCM-100 Back]" time="0.000" /><testcase classname="tests.test_events_dedupe.TestNormalizationHelpers" name="test_normalize_event_name[13U Boys 50 Fly SCY-50-SCY-50 Fly]" time="0.000" /><testcase classname="tests.test_events_dedupe.TestNormalizationHelpers" name="test_normalize_event_name[50 Butterfly-0-SCY-50 Fly]" time="0.000" /><testcase classname="tests.test_events_dedupe.TestNormalizationHelpers" name="test_normalize_event_name[50 Yard Fly-0-SCY-50 Fly]" time="0.000" /><testcase classname="tests.test_events_dedupe.TestNormalizationHelpers" name="test_normalize_event_name[200 Individual Medley-0-SCY-200 IM]" time="0.000" /><testcase classname="tests.test_events_dedupe.TestNormalizationHelpers" name="test_normalize_event_name[400/500 Free-0-SCY-500 Free]" time="0.000" /><testcase classname="tests.test_events_dedupe.TestNormalizationHelpers" name="test_normalize_event_name[400/500 Free-0-LCM-400 Free]" time="0.000" /><testcase classname="tests.test_events_dedupe.TestNormalizationHelpers" name="test_normalize_event_name[11-12 Girls 100 Breaststroke-0-SCY-100 Breast]" time="0.000" /><testcase classname="tests.test_events_dedupe.TestNormalizationHelpers" name="test_normalize_event_name[12&amp;U Boys 100 Free-0-SCY-100 Free]" time="0.000" /><testcase classname="tests.test_events_dedupe.TestNormalizationHelpers" name="test_normalize_event_name[-50-SCY-50 Free]" time="0.000" /><testcase classname="tests.test_events_dedupe.TestDedupeEndpoint" name="test_dedupe_dry_run_returns_summary" time="0.322" /><testcase classname="tests.test_events_dedupe.TestDedupeEndpoint" name="test_dedupe_get_method_not_allowed" time="0.058" /><testcase classname="tests.test_events_dedupe.TestDedupeEndpoint" name="test_dedupe_merges_duplicates_and_remaps" time="0.216" /><testcase classname="tests.test_events_dedupe.TestDedupeEndpoint" name="test_events_all_canonical_after_dedupe" time="0.104" /><testcase classname="tests.test_events_dedupe.TestCreateEventCanonicalization" name="test_non_canonical_name_is_normalized" time="0.156" /><testcase classname="tests.test_events_dedupe.TestCreateEventCanonicalization" name="test_duplicate_event_returns_existing" time="0.183" /><testcase classname="tests.test_events_dedupe.TestCreateEventCanonicalization" name="test_distance_inferred_from_name_with_age_label" time="0.189"><failure message="AssertionError: distance mis-parsed from name: {'id': 'e_1787436493490', 'name': '12 Back', 'distance': 12, 'stroke': 'Backstroke', 'course': 'SCY', 'ageGroup': '11-12', 'createdAt': '2026-08-22T22:08:13.490418'}&#10;assert 12 == 100">tests/test_events_dedupe.py:236: in test_distance_inferred_from_name_with_age_label
    assert data["distance"] == 100, f"distance mis-parsed from name: {data}"
E   AssertionError: distance mis-parsed from name: {'id': 'e_1787436493490', 'name': '12 Back', 'distance': 12, 'stroke': 'Backstroke', 'course': 'SCY', 'ageGroup': '11-12', 'createdAt': '2026-08-22T22:08:13.490418'}
E   assert 12 == 100</failure></testcase></testsuite></testsuites>