<?xml version="1.0" encoding="utf-8"?><testsuites name="pytest tests"><testsuite name="pytest" errors="0" failures="0" skipped="0" tests="97" time="22.427" timestamp="2026-08-23T00:06:03.795202+00:00" hostname="agent-env-03228166-50ec-4767-b514-25b31e23cf3e"><testcase classname="tests.test_events_dedupe.TestNormalizationHelpers" name="test_canonical_stroke_short[Freestyle-Free]" time="0.001" /><testcase classname="tests.test_events_dedupe.TestNormalizationHelpers" name="test_canonical_stroke_short[free-Free]" time="0.000" /><testcase classname="tests.test_events_dedupe.TestNormalizationHelpers" name="test_canonical_stroke_short[FR-Free]" time="0.000" /><testcase classname="tests.test_events_dedupe.TestNormalizationHelpers" name="test_canonical_stroke_short[Backstroke-Back]" time="0.000" /><testcase classname="tests.test_events_dedupe.TestNormalizationHelpers" name="test_canonical_stroke_short[BK-Back]" time="0.001" /><testcase classname="tests.test_events_dedupe.TestNormalizationHelpers" name="test_canonical_stroke_short[Breaststroke-Breast]" time="0.000" /><testcase classname="tests.test_events_dedupe.TestNormalizationHelpers" name="test_canonical_stroke_short[BR-Breast]" time="0.000" /><testcase classname="tests.test_events_dedupe.TestNormalizationHelpers" name="test_canonical_stroke_short[Butterfly-Fly]" time="0.001" /><testcase classname="tests.test_events_dedupe.TestNormalizationHelpers" name="test_canonical_stroke_short[FL-Fly]" time="0.000" /><testcase classname="tests.test_events_dedupe.TestNormalizationHelpers" name="test_canonical_stroke_short[fly-Fly]" time="0.001" /><testcase classname="tests.test_events_dedupe.TestNormalizationHelpers" name="test_canonical_stroke_short[Individual Medley-IM]" time="0.000" /><testcase classname="tests.test_events_dedupe.TestNormalizationHelpers" name="test_canonical_stroke_short[200 IM-IM]" time="0.001" /><testcase classname="tests.test_events_dedupe.TestNormalizationHelpers" name="test_canonical_stroke_short[medley-IM]" time="0.000" /><testcase classname="tests.test_events_dedupe.TestNormalizationHelpers" name="test_normalize_stroke_name[Fly-Butterfly]" time="0.000" /><testcase classname="tests.test_events_dedupe.TestNormalizationHelpers" name="test_normalize_stroke_name[Butterfly-Butterfly]" time="0.000" /><testcase classname="tests.test_events_dedupe.TestNormalizationHelpers" name="test_normalize_stroke_name[Back-Backstroke]" time="0.000" /><testcase classname="tests.test_events_dedupe.TestNormalizationHelpers" name="test_normalize_stroke_name[Breast-Breaststroke]" time="0.001" /><testcase classname="tests.test_events_dedupe.TestNormalizationHelpers" name="test_normalize_stroke_name[Free-Freestyle]" time="0.000" /><testcase classname="tests.test_events_dedupe.TestNormalizationHelpers" name="test_normalize_stroke_name[IM-Individual Medley]" time="0.000" /><testcase classname="tests.test_events_dedupe.TestNormalizationHelpers" name="test_normalize_stroke_name[-Freestyle]" time="0.000" /><testcase classname="tests.test_events_dedupe.TestNormalizationHelpers" name="test_normalize_stroke_name[None-Freestyle]" time="0.001" /><testcase classname="tests.test_events_dedupe.TestNormalizationHelpers" name="test_normalize_course_str[SCY-SCY]" time="0.000" /><testcase classname="tests.test_events_dedupe.TestNormalizationHelpers" name="test_normalize_course_str[scy-SCY]" time="0.001" /><testcase classname="tests.test_events_dedupe.TestNormalizationHelpers" name="test_normalize_course_str[Yards-SCY]" time="0.000" /><testcase classname="tests.test_events_dedupe.TestNormalizationHelpers" name="test_normalize_course_str[Short Course Yards-SCY]" time="0.000" /><testcase classname="tests.test_events_dedupe.TestNormalizationHelpers" name="test_normalize_course_str[SCM-SCM]" time="0.001" /><testcase classname="tests.test_events_dedupe.TestNormalizationHelpers" name="test_normalize_course_str[Short Course Meters-SCM]" time="0.000" /><testcase classname="tests.test_events_dedupe.TestNormalizationHelpers" name="test_normalize_course_str[25m-SCM]" time="0.001" /><testcase classname="tests.test_events_dedupe.TestNormalizationHelpers" name="test_normalize_course_str[LCM-LCM]" time="0.000" /><testcase classname="tests.test_events_dedupe.TestNormalizationHelpers" name="test_normalize_course_str[Long Course-LCM]" time="0.001" /><testcase classname="tests.test_events_dedupe.TestNormalizationHelpers" name="test_normalize_course_str[50m-LCM]" time="0.001" /><testcase classname="tests.test_events_dedupe.TestNormalizationHelpers" name="test_normalize_course_str[Meters-LCM]" time="0.000" /><testcase classname="tests.test_events_dedupe.TestNormalizationHelpers" name="test_normalize_course_str[-SCY]" time="0.000" /><testcase classname="tests.test_events_dedupe.TestNormalizationHelpers" name="test_normalize_course_str[None-SCY]" time="0.000" /><testcase classname="tests.test_events_dedupe.TestNormalizationHelpers" name="test_normalize_age_group[10U-10U]" time="0.001" /><testcase classname="tests.test_events_dedupe.TestNormalizationHelpers" name="test_normalize_age_group[10 &amp; Under-10U]" time="0.000" /><testcase classname="tests.test_events_dedupe.TestNormalizationHelpers" name="test_normalize_age_group[8&amp;U-10U]" time="0.000" /><testcase classname="tests.test_events_dedupe.TestNormalizationHelpers" name="test_normalize_age_group[10&amp;U-10U]" time="0.001" /><testcase classname="tests.test_events_dedupe.TestNormalizationHelpers" name="test_normalize_age_group[11-12-11-12]" time="0.001" /><testcase classname="tests.test_events_dedupe.TestNormalizationHelpers" name="test_normalize_age_group[11 &amp; 12-11-12]" time="0.000" /><testcase classname="tests.test_events_dedupe.TestNormalizationHelpers" name="test_normalize_age_group[12&amp;U-11-12]" time="0.001" /><testcase classname="tests.test_events_dedupe.TestNormalizationHelpers" name="test_normalize_age_group[13-14-13-14]" time="0.000" /><testcase classname="tests.test_events_dedupe.TestNormalizationHelpers" name="test_normalize_age_group[13 &amp; 14-13-14]" time="0.001" /><testcase classname="tests.test_events_dedupe.TestNormalizationHelpers" name="test_normalize_age_group[13U-13-14]" time="0.000" /><testcase classname="tests.test_events_dedupe.TestNormalizationHelpers" name="test_normalize_age_group[15-16-15-16]" time="0.000" /><testcase classname="tests.test_events_dedupe.TestNormalizationHelpers" name="test_normalize_age_group[15 &amp; 16-15-16]" time="0.001" /><testcase classname="tests.test_events_dedupe.TestNormalizationHelpers" name="test_normalize_age_group[17-18-17-18]" time="0.001" /><testcase classname="tests.test_events_dedupe.TestNormalizationHelpers" name="test_normalize_age_group[Senior-17-18]" time="0.001" /><testcase classname="tests.test_events_dedupe.TestNormalizationHelpers" name="test_normalize_age_group[Open-17-18]" time="0.000" /><testcase classname="tests.test_events_dedupe.TestNormalizationHelpers" name="test_normalize_event_name[Boys 50 Yard Butterfly SCY-50-SCY-50 Fly]" time="0.001" /><testcase classname="tests.test_events_dedupe.TestNormalizationHelpers" name="test_normalize_event_name[Girls 100 Meter Backstroke-100-LCM-100 Back]" time="0.000" /><testcase classname="tests.test_events_dedupe.TestNormalizationHelpers" name="test_normalize_event_name[13U Boys 50 Fly SCY-50-SCY-50 Fly]" time="0.000" /><testcase classname="tests.test_events_dedupe.TestNormalizationHelpers" name="test_normalize_event_name[50 Butterfly-0-SCY-50 Fly]" time="0.000" /><testcase classname="tests.test_events_dedupe.TestNormalizationHelpers" name="test_normalize_event_name[50 Yard Fly-0-SCY-50 Fly]" time="0.000" /><testcase classname="tests.test_events_dedupe.TestNormalizationHelpers" name="test_normalize_event_name[200 Individual Medley-0-SCY-200 IM]" time="0.000" /><testcase classname="tests.test_events_dedupe.TestNormalizationHelpers" name="test_normalize_event_name[400/500 Free-0-SCY-500 Free]" time="0.000" /><testcase classname="tests.test_events_dedupe.TestNormalizationHelpers" name="test_normalize_event_name[400/500 Free-0-LCM-400 Free]" time="0.000" /><testcase classname="tests.test_events_dedupe.TestNormalizationHelpers" name="test_normalize_event_name[11-12 Girls 100 Breaststroke-0-SCY-100 Breast]" time="0.000" /><testcase classname="tests.test_events_dedupe.TestNormalizationHelpers" name="test_normalize_event_name[12&amp;U Boys 100 Free-0-SCY-100 Free]" time="0.000" /><testcase classname="tests.test_events_dedupe.TestNormalizationHelpers" name="test_normalize_event_name[-50-SCY-50 Free]" time="0.000" /><testcase classname="tests.test_events_dedupe.TestDedupeEndpoint" name="test_dedupe_dry_run_returns_summary" time="0.207" /><testcase classname="tests.test_events_dedupe.TestDedupeEndpoint" name="test_dedupe_get_method_not_allowed" time="0.048" /><testcase classname="tests.test_events_dedupe.TestDedupeEndpoint" name="test_dedupe_merges_duplicates_and_remaps" time="0.198" /><testcase classname="tests.test_events_dedupe.TestDedupeEndpoint" name="test_events_all_canonical_after_dedupe" time="0.087" /><testcase classname="tests.test_events_dedupe.TestCreateEventCanonicalization" name="test_non_canonical_name_is_normalized" time="0.170" /><testcase classname="tests.test_events_dedupe.TestCreateEventCanonicalization" name="test_duplicate_event_returns_existing" time="0.203" /><testcase classname="tests.test_events_dedupe.TestCreateEventCanonicalization" name="test_distance_inferred_from_name_with_age_label" time="0.149" /><testcase classname="tests.test_team_isolation.TestAuthTeam" name="test_register_creates_new_team" time="0.362" /><testcase classname="tests.test_team_isolation.TestAuthTeam" name="test_register_seeds_default_events_for_team" time="0.130" /><testcase classname="tests.test_team_isolation.TestAuthTeam" name="test_login_returns_team_id" time="0.350" /><testcase classname="tests.test_team_isolation.TestAuthTeam" name="test_duplicate_register_rejected" time="0.108" /><testcase classname="tests.test_team_isolation.TestEventsIsolation" name="test_no_session_defaults_to_team1" time="0.170" /><testcase classname="tests.test_team_isolation.TestEventsIsolation" name="test_create_event_stamps_caller_team" time="0.785" /><testcase classname="tests.test_team_isolation.TestEventsIsolation" name="test_same_event_name_can_exist_in_two_teams" time="0.489" /><testcase classname="tests.test_team_isolation.TestEventsIsolation" name="test_dedupe_dry_run_scoped_to_team" time="0.122" /><testcase classname="tests.test_team_isolation.TestEventsIsolation" name="test_seed_idempotent_per_team" time="0.285" /><testcase classname="tests.test_team_isolation.TestEventsIsolation" name="test_seed_new_team_creates_events" time="3.238" /><testcase classname="tests.test_team_isolation.TestStandardsIsolation" name="test_standard_create_and_isolation" time="0.597" /><testcase classname="tests.test_team_isolation.TestStandardsIsolation" name="test_bulk_replace_does_not_delete_other_teams_standards" time="1.808" /><testcase classname="tests.test_team_isolation.TestTimesAndAthletesIsolation" name="test_athlete_and_time_isolation" time="1.352" /><testcase classname="tests.test_team_isolation.TestTimesAndAthletesIsolation" name="test_no_mongo_id_in_responses" time="0.414" /><testcase classname="tests.test_team_isolation.TestShareScope" name="test_share_scopes_events_and_standards" time="0.320" /><testcase classname="tests.test_team_isolation.TestShareScope" name="test_invalid_share_code_404" time="0.102" /><testcase classname="tests.test_team_isolation.TestBackfill" name="test_no_records_without_team_id" time="0.246" /><testcase classname="tests.test_team_isolation.TestBackfill" name="test_malformed_session_header_falls_back_to_team1" time="0.105" /><testcase classname="tests.test_team_isolation.TestBackfill" name="test_session_without_team_id_falls_back_to_team1" time="0.114" /><testcase classname="tests.test_team_sharing.TestHealthCheck" name="test_api_health" time="0.116" /><testcase classname="tests.test_team_sharing.TestShareEndpoint" name="test_share_link_returns_data" time="0.107" /><testcase classname="tests.test_team_sharing.TestShareEndpoint" name="test_share_returns_only_shared_athletes" time="0.219" /><testcase classname="tests.test_team_sharing.TestShareEndpoint" name="test_share_returns_times_for_shared_athletes" time="0.179" /><testcase classname="tests.test_team_sharing.TestShareEndpoint" name="test_share_returns_events" time="0.102" /><testcase classname="tests.test_team_sharing.TestShareEndpoint" name="test_share_returns_standards" time="0.134" /><testcase classname="tests.test_team_sharing.TestShareEndpoint" name="test_invalid_share_code_returns_404" time="0.138" /><testcase classname="tests.test_team_sharing.TestShareCreation" name="test_create_share_stores_athlete_ids" time="0.242" /><testcase classname="tests.test_team_sharing.TestDataIntegrity" name="test_times_collection_used" time="0.124" /><testcase classname="tests.test_team_sharing.TestDataIntegrity" name="test_standards_collection_used" time="0.122" /><testcase classname="tests.test_team_sharing.TestShareLinkAnonymousAccess" name="test_share_link_no_auth_required" time="8.343" /></testsuite></testsuites>