<?xml version="1.0" encoding="utf-8"?><testsuites name="pytest tests"><testsuite name="pytest" errors="0" failures="1" skipped="0" tests="19" time="50.922" timestamp="2026-08-23T00:04:30.382091+00:00" hostname="agent-env-03228166-50ec-4767-b514-25b31e23cf3e"><testcase classname="tests.test_team_isolation.TestAuthTeam" name="test_register_creates_new_team" time="0.579" /><testcase classname="tests.test_team_isolation.TestAuthTeam" name="test_register_seeds_default_events_for_team" time="0.157" /><testcase classname="tests.test_team_isolation.TestAuthTeam" name="test_login_returns_team_id" time="0.378" /><testcase classname="tests.test_team_isolation.TestAuthTeam" name="test_duplicate_register_rejected" time="0.140" /><testcase classname="tests.test_team_isolation.TestEventsIsolation" name="test_no_session_defaults_to_team1" time="0.147" /><testcase classname="tests.test_team_isolation.TestEventsIsolation" name="test_create_event_stamps_caller_team" time="0.882" /><testcase classname="tests.test_team_isolation.TestEventsIsolation" name="test_same_event_name_can_exist_in_two_teams" time="0.507" /><testcase classname="tests.test_team_isolation.TestEventsIsolation" name="test_dedupe_dry_run_scoped_to_team" time="0.109"><failure message="AssertionError: dedupe counted other teams' events: {'dry_run': True, 'total_events': 24, 'canonical_groups': 24, 'merge_count': 0, 'normalize_count': 0, 'athletes_updated': 0, 'events_after': 24}&#10;assert None == 24&#10; +  where None = &lt;built-in method get of dict object at 0xfb9ea7c705c0&gt;('remaining_events')&#10; +    where &lt;built-in method get of dict object at 0xfb9ea7c705c0&gt; = {'athletes_updated': 0, 'canonical_groups': 24, 'dry_run': True, 'events_after': 24, ...}.get">tests/test_team_isolation.py:116: in test_dedupe_dry_run_scoped_to_team
    assert d.get("remaining_events") == 24, f"dedupe counted other teams' events: {d}"
E   AssertionError: dedupe counted other teams' events: {'dry_run': True, 'total_events': 24, 'canonical_groups': 24, 'merge_count': 0, 'normalize_count': 0, 'athletes_updated': 0, 'events_after': 24}
E   assert None == 24
E    +  where None = &lt;built-in method get of dict object at 0xfb9ea7c705c0&gt;('remaining_events')
E    +    where &lt;built-in method get of dict object at 0xfb9ea7c705c0&gt; = {'athletes_updated': 0, 'canonical_groups': 24, 'dry_run': True, 'events_after': 24, ...}.get</failure></testcase><testcase classname="tests.test_team_isolation.TestEventsIsolation" name="test_seed_idempotent_per_team" time="0.301" /><testcase classname="tests.test_team_isolation.TestEventsIsolation" name="test_seed_new_team_creates_events" time="3.318" /><testcase classname="tests.test_team_isolation.TestStandardsIsolation" name="test_standard_create_and_isolation" time="0.643" /><testcase classname="tests.test_team_isolation.TestStandardsIsolation" name="test_bulk_replace_does_not_delete_other_teams_standards" time="1.882" /><testcase classname="tests.test_team_isolation.TestTimesAndAthletesIsolation" name="test_athlete_and_time_isolation" time="40.477" /><testcase classname="tests.test_team_isolation.TestTimesAndAthletesIsolation" name="test_no_mongo_id_in_responses" time="0.449" /><testcase classname="tests.test_team_isolation.TestShareScope" name="test_share_scopes_events_and_standards" time="0.347" /><testcase classname="tests.test_team_isolation.TestShareScope" name="test_invalid_share_code_404" time="0.099" /><testcase classname="tests.test_team_isolation.TestBackfill" name="test_no_records_without_team_id" time="0.201" /><testcase classname="tests.test_team_isolation.TestBackfill" name="test_malformed_session_header_falls_back_to_team1" time="0.102" /><testcase classname="tests.test_team_isolation.TestBackfill" name="test_session_without_team_id_falls_back_to_team1" time="0.125" /></testsuite></testsuites>